{
  "RSpec": {
    "coverage": {
      "/Users/samuelnayrouz/Desktop/mod3/BEN ticker/config/environment.rb": [
        null,
        1,
        null,
        null,
        1
      ],
      "/Users/samuelnayrouz/Desktop/mod3/BEN ticker/config/application.rb": [
        1,
        null,
        1,
        null,
        1,
        1,
        1,
        1,
        1,
        1,
        1,
        1,
        null,
        null,
        null,
        null,
        1,
        null,
        1,
        1,
        null,
        1,
        null,
        null,
        null,
        null,
        null,
        null,
        1,
        1,
        null,
        null
      ],
      "/Users/samuelnayrouz/Desktop/mod3/BEN ticker/config/boot.rb": [
        1,
        null,
        1
      ],
      "/Users/samuelnayrouz/Desktop/mod3/BEN ticker/config/spring.rb": [
        null,
        null,
        null,
        null,
        null,
        5
      ],
      "/Users/samuelnayrouz/Desktop/mod3/BEN ticker/config/environments/test.rb": [
        1,
        null,
        null,
        null,
        null,
        null,
        null,
        1,
        null,
        null,
        null,
        null,
        1,
        null,
        null,
        1,
        1,
        null,
        null,
        null,
        null,
        1,
        1,
        null,
        null,
        1,
        null,
        null,
        1,
        1,
        null,
        null,
        null,
        null,
        1,
        null,
        null,
        1,
        null,
        null,
        null,
        1,
        null
      ],
      "/Users/samuelnayrouz/Desktop/mod3/BEN ticker/config/initializers/application_controller_renderer.rb": [
        null,
        null,
        null,
        null,
        null,
        null,
        null,
        null
      ],
      "/Users/samuelnayrouz/Desktop/mod3/BEN ticker/config/initializers/assets.rb": [
        null,
        null,
        null,
        1,
        null,
        null,
        null,
        null,
        1,
        null,
        null,
        null,
        null,
        1
      ],
      "/Users/samuelnayrouz/Desktop/mod3/BEN ticker/config/initializers/backtrace_silencers.rb": [
        null,
        null,
        null,
        null,
        null,
        null,
        null
      ],
      "/Users/samuelnayrouz/Desktop/mod3/BEN ticker/config/initializers/cookies_serializer.rb": [
        null,
        null,
        null,
        null,
        1
      ],
      "/Users/samuelnayrouz/Desktop/mod3/BEN ticker/config/initializers/filter_parameter_logging.rb": [
        null,
        null,
        null,
        1
      ],
      "/Users/samuelnayrouz/Desktop/mod3/BEN ticker/config/initializers/inflections.rb": [
        null,
        null,
        null,
        null,
        null,
        null,
        null,
        null,
        null,
        null,
        null,
        null,
        null,
        null,
        null,
        null
      ],
      "/Users/samuelnayrouz/Desktop/mod3/BEN ticker/config/initializers/load_api_config.rb": [
        1,
        1
      ],
      "/Users/samuelnayrouz/Desktop/mod3/BEN ticker/config/initializers/mime_types.rb": [
        null,
        null,
        null,
        null
      ],
      "/Users/samuelnayrouz/Desktop/mod3/BEN ticker/config/initializers/omniauth.rb": [
        1,
        1,
        null,
        null,
        null,
        null,
        null,
        null,
        null,
        null,
        null
      ],
      "/Users/samuelnayrouz/Desktop/mod3/BEN ticker/config/initializers/twitter.rb": [
        1,
        1,
        6,
        null,
        null,
        1,
        6,
        null,
        null,
        1,
        6,
        null,
        null,
        1,
        6,
        null,
        null,
        1,
        null,
        1,
        1,
        1,
        1,
        24,
        null,
        null
      ],
      "/Users/samuelnayrouz/Desktop/mod3/BEN ticker/config/initializers/wrap_parameters.rb": [
        null,
        null,
        null,
        null,
        null,
        null,
        1,
        2,
        null,
        null,
        null,
        null,
        null,
        null
      ],
      "/Users/samuelnayrouz/Desktop/mod3/BEN ticker/config/routes.rb": [
        1,
        1,
        null,
        1,
        1,
        1,
        null,
        1,
        1,
        null,
        1,
        1,
        null,
        1,
        null,
        1,
        1,
        1,
        null,
        1,
        1,
        1,
        1,
        1,
        1,
        1,
        1,
        1,
        1,
        null,
        1,
        1,
        1,
        1,
        1,
        1,
        1,
        1,
        1,
        null,
        null,
        null
      ],
      "/Users/samuelnayrouz/Desktop/mod3/BEN ticker/app/helpers/application_helper.rb": [
        1,
        null,
        null,
        null,
        null,
        null,
        null,
        null,
        null,
        null,
        null
      ],
      "/Users/samuelnayrouz/Desktop/mod3/BEN ticker/app/helpers/home_helper.rb": [
        1,
        null
      ],
      "/Users/samuelnayrouz/Desktop/mod3/BEN ticker/app/helpers/tokens_helper.rb": [
        1,
        null
      ],
      "/Users/samuelnayrouz/Desktop/mod3/BEN ticker/app/controllers/currencies_controller.rb": [
        1,
        null,
        1,
        null,
        1,
        9,
        9,
        null,
        0,
        null,
        9,
        null,
        null,
        null,
        null,
        1,
        null,
        1,
        9,
        9,
        0,
        0,
        0,
        0,
        null,
        null,
        null
      ],
      "/Users/samuelnayrouz/Desktop/mod3/BEN ticker/lib/currencies/currency_client.rb": [
        1,
        1,
        1,
        null,
        null,
        1,
        1,
        null,
        null,
        1,
        1,
        1,
        1,
        1,
        1,
        1,
        1,
        null,
        null,
        null,
        1,
        null,
        1,
        2,
        2,
        2,
        2,
        2,
        2,
        null,
        null,
        null,
        1,
        3,
        3,
        3,
        null,
        null,
        null
      ],
      "/Users/samuelnayrouz/Desktop/mod3/BEN ticker/app/controllers/application_controller.rb": [
        1,
        1,
        1,
        1,
        1,
        null,
        1,
        12,
        null,
        null,
        1,
        0,
        null,
        null,
        1,
        0,
        null,
        null,
        1,
        null,
        1,
        0,
        null,
        null,
        null
      ],
      "/Users/samuelnayrouz/Desktop/mod3/BEN ticker/app/controllers/home_controller.rb": [
        1,
        1,
        null,
        null
      ],
      "/Users/samuelnayrouz/Desktop/mod3/BEN ticker/app/models/user.rb": [
        1,
        1,
        null,
        1,
        1,
        null
      ],
      "/Users/samuelnayrouz/Desktop/mod3/BEN ticker/app/models/application_record.rb": [
        1,
        1,
        null
      ],
      "/Users/samuelnayrouz/Desktop/mod3/BEN ticker/app/models/bitcoin.rb": [
        1,
        1,
        null,
        null,
        null,
        null,
        null,
        null,
        1,
        null,
        0,
        null,
        null,
        1,
        null,
        0,
        null,
        null,
        1,
        null,
        0,
        null,
        1,
        null,
        0,
        null,
        null,
        1,
        null,
        0,
        null,
        null,
        1,
        null,
        0,
        null,
        null,
        1,
        null,
        0,
        null,
        null,
        1,
        null,
        0,
        null,
        null
      ],
      "/Users/samuelnayrouz/Desktop/mod3/BEN ticker/app/models/currency.rb": [
        1,
        1,
        1,
        1,
        1,
        null
      ],
      "/Users/samuelnayrouz/Desktop/mod3/BEN ticker/app/models/ethereum.rb": [
        1,
        1,
        null,
        null,
        null,
        null,
        null,
        null,
        1,
        null,
        0,
        null,
        null,
        1,
        null,
        0,
        null,
        null,
        1,
        null,
        0,
        null,
        null,
        1,
        null,
        0,
        null,
        null,
        1,
        null,
        0,
        null,
        null,
        1,
        null,
        0,
        null,
        null,
        1,
        null,
        0,
        null,
        null,
        1,
        null,
        0,
        null,
        null
      ],
      "/Users/samuelnayrouz/Desktop/mod3/BEN ticker/app/models/code_generator.rb": [
        1,
        1,
        2,
        null,
        null
      ],
      "/Users/samuelnayrouz/Desktop/mod3/BEN ticker/app/models/message_sender.rb": [
        1,
        1,
        1,
        1,
        1,
        null,
        1,
        null,
        null,
        null,
        null,
        null,
        1,
        null,
        null,
        null
      ],
      "/Users/samuelnayrouz/Desktop/mod3/BEN ticker/app/controllers/sessions_controller.rb": [
        1,
        1,
        3,
        null,
        null,
        1,
        0,
        0,
        0,
        0,
        0,
        null,
        0,
        0,
        null,
        null,
        null,
        1,
        0,
        0,
        0,
        null,
        null,
        1,
        null,
        1,
        0,
        0,
        null,
        0,
        0,
        null,
        null,
        null,
        1,
        0,
        0,
        0,
        null,
        null,
        null,
        null
      ],
      "/Users/samuelnayrouz/Desktop/mod3/BEN ticker/app/controllers/passwords_controller.rb": [
        1,
        null,
        1,
        null,
        null,
        1,
        1,
        1,
        0,
        null,
        null,
        1,
        0,
        0,
        0,
        0,
        0,
        null,
        0,
        null,
        null,
        null,
        1,
        null,
        1,
        0,
        null,
        null,
        1,
        0,
        null,
        null,
        1,
        0,
        null,
        null,
        null
      ],
      "/Users/samuelnayrouz/Desktop/mod3/BEN ticker/app/models/confirmation_sender.rb": [
        1,
        1,
        2,
        2,
        1,
        null,
        null
      ]
    },
    "timestamp": 1510235872
  }
}
